[debug] [2024-04-29T07:59:12.413Z] ----------------------------------------------------------------------
[debug] [2024-04-29T07:59:12.415Z] Command:       C:\Program Files\nodejs\node.exe C:\Users\user\AppData\Roaming\npm\node_modules\firebase-tools\lib\bin\firebase.js init
[debug] [2024-04-29T07:59:12.415Z] CLI Version:   13.5.2
[debug] [2024-04-29T07:59:12.416Z] Platform:      win32
[debug] [2024-04-29T07:59:12.416Z] Node Version:  v19.5.0
[debug] [2024-04-29T07:59:12.416Z] Time:          Mon Apr 29 2024 16:59:12 GMT+0900 (대한민국 표준시)
[debug] [2024-04-29T07:59:12.416Z] ----------------------------------------------------------------------
[debug] 
[debug] [2024-04-29T07:59:12.421Z] > command requires scopes: ["email","openid","https://www.googleapis.com/auth/cloudplatformprojects.readonly","https://www.googleapis.com/auth/firebase","https://www.googleapis.com/auth/cloud-platform"]
[debug] [2024-04-29T07:59:12.421Z] > authorizing via signed-in user (naraku010@gmail.com)
[info] 
     ######## #### ########  ######## ########     ###     ######  ########
     ##        ##  ##     ## ##       ##     ##  ##   ##  ##       ##
     ######    ##  ########  ######   ########  #########  ######  ######
     ##        ##  ##    ##  ##       ##     ## ##     ##       ## ##
     ##       #### ##     ## ######## ########  ##     ##  ######  ########

You're about to initialize a Firebase project in this directory:

  C:\devSource\mkg_sim

Before we get started, keep in mind:

  * You are currently outside your home directory

[info] 
=== Project Setup
[info] 
[info] First, let's associate this project directory with a Firebase project.
[info] You can create multiple project aliases by running firebase use --add, 
[info] but for now we'll just set up a default project.
[info] 
[debug] [2024-04-29T07:59:18.803Z] >>> [apiv2][query] GET https://firebase.googleapis.com/v1beta1/projects pageSize=100
[debug] [2024-04-29T07:59:19.534Z] <<< [apiv2][status] GET https://firebase.googleapis.com/v1beta1/projects 200
[debug] [2024-04-29T07:59:19.534Z] <<< [apiv2][body] GET https://firebase.googleapis.com/v1beta1/projects [omitted]
